

Started GET "/assets/rails.png" for 127.0.0.1 at 2014-06-18 14:38:00 +0530
Connecting to database specified by database.yml
Served asset /rails.png - 200 OK (5ms)


Started GET "/projects" for 127.0.0.1 at 2014-06-18 14:38:45 +0530

ActionController::RoutingError (No route matches [GET] "/projects"):
  /usr/lib/ruby/vendor_ruby/action_dispatch/middleware/debug_exceptions.rb:21:in `call'
  /usr/lib/ruby/vendor_ruby/action_dispatch/middleware/show_exceptions.rb:56:in `call'
  /usr/lib/ruby/vendor_ruby/rails/rack/logger.rb:32:in `call_app'
  /usr/lib/ruby/vendor_ruby/rails/rack/logger.rb:16:in `block in call'
  /usr/lib/ruby/vendor_ruby/active_support/tagged_logging.rb:22:in `tagged'
  /usr/lib/ruby/vendor_ruby/rails/rack/logger.rb:16:in `call'
  /usr/lib/ruby/vendor_ruby/action_dispatch/middleware/request_id.rb:22:in `call'
  rack (1.5.2) lib/rack/methodoverride.rb:21:in `call'
  rack (1.5.2) lib/rack/runtime.rb:17:in `call'
  /usr/lib/ruby/vendor_ruby/active_support/cache/strategy/local_cache.rb:72:in `call'
  rack (1.5.2) lib/rack/lock.rb:17:in `call'
  /usr/lib/ruby/vendor_ruby/action_dispatch/middleware/static.rb:63:in `call'
  /usr/lib/ruby/vendor_ruby/rails/engine.rb:484:in `call'
  /usr/lib/ruby/vendor_ruby/rails/application.rb:231:in `call'
  rack (1.5.2) lib/rack/content_length.rb:14:in `call'
  /usr/lib/ruby/vendor_ruby/rails/rack/log_tailer.rb:17:in `call'
  rack (1.5.2) lib/rack/handler/webrick.rb:60:in `service'
  /usr/lib/ruby/1.9.1/webrick/httpserver.rb:138:in `service'
  /usr/lib/ruby/1.9.1/webrick/httpserver.rb:94:in `run'
  /usr/lib/ruby/1.9.1/webrick/server.rb:191:in `block in start_thread'


  Rendered /usr/lib/ruby/vendor_ruby/action_dispatch/middleware/templates/rescues/routing_error.erb within rescues/layout (18.6ms)


Started GET "/assets/rails.png" for 127.0.0.1 at 2014-06-18 14:46:29 +0530
Connecting to database specified by database.yml
Served asset /rails.png - 304 Not Modified (1ms)


Started GET "/assets/rails.png" for 127.0.0.1 at 2014-06-18 14:46:33 +0530
Served asset /rails.png - 304 Not Modified (0ms)


Started GET "/assets/rails.png" for 127.0.0.1 at 2014-06-18 14:46:35 +0530
Served asset /rails.png - 304 Not Modified (0ms)


Started GET "/assets/rails.png" for 127.0.0.1 at 2014-06-18 14:47:05 +0530
Served asset /rails.png - 304 Not Modified (0ms)


Started GET "/assets/rails.png" for 127.0.0.1 at 2014-06-18 14:47:15 +0530
Served asset /rails.png - 304 Not Modified (0ms)


Started GET "/assets/rails.png" for 127.0.0.1 at 2014-06-18 14:48:41 +0530
Served asset /rails.png - 304 Not Modified (0ms)


Started GET "/assets/rails.png" for 127.0.0.1 at 2014-06-18 14:48:43 +0530
Served asset /rails.png - 304 Not Modified (0ms)


Started GET "/assets/rails.png" for 127.0.0.1 at 2014-06-18 14:48:54 +0530

ArgumentError (missing :controller):
  config/routes.rb:2:in `block in <top (required)>'
  config/routes.rb:1:in `<top (required)>'


  Rendered /usr/lib/ruby/vendor_ruby/action_dispatch/middleware/templates/rescues/_trace.erb (1.0ms)
  Rendered /usr/lib/ruby/vendor_ruby/action_dispatch/middleware/templates/rescues/_request_and_response.erb (1.9ms)
  Rendered /usr/lib/ruby/vendor_ruby/action_dispatch/middleware/templates/rescues/diagnostics.erb within rescues/layout (20.0ms)


Started GET "/assets/rails.png" for 127.0.0.1 at 2014-06-18 14:49:04 +0530

ArgumentError (missing :controller):
  config/routes.rb:2:in `block in <top (required)>'
  config/routes.rb:1:in `<top (required)>'


  Rendered /usr/lib/ruby/vendor_ruby/action_dispatch/middleware/templates/rescues/_trace.erb (2.3ms)
  Rendered /usr/lib/ruby/vendor_ruby/action_dispatch/middleware/templates/rescues/_request_and_response.erb (0.8ms)
  Rendered /usr/lib/ruby/vendor_ruby/action_dispatch/middleware/templates/rescues/diagnostics.erb within rescues/layout (10.8ms)


Started GET "/assets/rails.png" for 127.0.0.1 at 2014-06-18 14:49:07 +0530
Served asset /rails.png - 200 OK (0ms)
